D:\Install\VS2019\MSBuild\Microsoft\VC\v160\Microsoft.CppBuild.targets(499,5): warning MSB8004: Output 目录未以斜杠结尾。  此生成实例将添加斜杠，因为必须有这个斜杠才能正确计算 Output 目录。
  detection.cpp
F:\Tensorrt\MCFairMot\TensorRT-7.2.3.4\include\NvInfer.h(1784,1): warning C4819: 该文件包含不能在当前代码页(936)中表示的字符。请将该文件保存为 Unicode 格式以防止数据丢失
F:\Tensorrt\MCFairMot\TensorRT-7.2.3.4\include\NvInfer.h(4337,1): warning C4819: 该文件包含不能在当前代码页(936)中表示的字符。请将该文件保存为 Unicode 格式以防止数据丢失
F:\Tensorrt\MCFairMot\cuda10.2\include\cuda_runtime_api.h(9349,1): warning C4819: 该文件包含不能在当前代码页(936)中表示的字符。请将该文件保存为 Unicode 格式以防止数据丢失
F:\Tensorrt\MCFairMot\cuda10.2\include\cuda_runtime_api.h(9349,1): warning C4819: 该文件包含不能在当前代码页(936)中表示的字符。请将该文件保存为 Unicode 格式以防止数据丢失
F:\Tensorrt\MCFairMot\cuda10.2\include\cuda_runtime_api.h(9349,1): warning C4819: 该文件包含不能在当前代码页(936)中表示的字符。请将该文件保存为 Unicode 格式以防止数据丢失
F:\Tensorrt\MCFairMot\cuda10.2\include\cuda_runtime_api.h(9349,1): warning C4819: 该文件包含不能在当前代码页(936)中表示的字符。请将该文件保存为 Unicode 格式以防止数据丢失
F:\Tensorrt\MCFairMot\MCFairMot\detection.cpp(46,12): warning C4244: “初始化”: 从“float”转换到“int”，可能丢失数据
F:\Tensorrt\MCFairMot\MCFairMot\detection.cpp(167,81): warning C4244: “=”: 从“int”转换到“float”，可能丢失数据
F:\Tensorrt\MCFairMot\MCFairMot\detection.cpp(168,85): warning C4244: “=”: 从“int”转换到“float”，可能丢失数据
F:\Tensorrt\MCFairMot\MCFairMot\detection.cpp(169,85): warning C4244: “=”: 从“int”转换到“float”，可能丢失数据
F:\Tensorrt\MCFairMot\MCFairMot\detection.cpp(170,85): warning C4244: “=”: 从“int”转换到“float”，可能丢失数据
F:\Tensorrt\MCFairMot\MCFairMot\detection.cpp(262,12): warning C4305: “return”: 从“int”到“bool”截断
F:\Tensorrt\MCFairMot\MCFairMot\detection.cpp(297,20): warning C4244: “=”: 从“std::streamoff”转换到“int”，可能丢失数据
F:\Tensorrt\MCFairMot\MCFairMot\detection.cpp(347,32): warning C4244: “参数”: 从“float”转换到“_Tp”，可能丢失数据
          with
          [
              _Tp=int
          ]
F:\Tensorrt\MCFairMot\MCFairMot\detection.cpp(347,28): warning C4244: “参数”: 从“float”转换到“_Tp”，可能丢失数据
          with
          [
              _Tp=int
          ]
F:\Tensorrt\MCFairMot\MCFairMot\detection.cpp(347,58): warning C4244: “参数”: 从“float”转换到“_Tp”，可能丢失数据
          with
          [
              _Tp=int
          ]
F:\Tensorrt\MCFairMot\MCFairMot\detection.cpp(347,50): warning C4244: “参数”: 从“float”转换到“_Tp”，可能丢失数据
          with
          [
              _Tp=int
          ]
F:\Tensorrt\MCFairMot\MCFairMot\detection.cpp(359,11): warning C4244: “初始化”: 从“double”转换到“float”，可能丢失数据
F:\Tensorrt\MCFairMot\MCFairMot\detection.cpp(360,11): warning C4244: “初始化”: 从“double”转换到“float”，可能丢失数据
F:\Tensorrt\MCFairMot\MCFairMot\detection.cpp(361,11): warning C4244: “初始化”: 从“double”转换到“float”，可能丢失数据
F:\Tensorrt\MCFairMot\MCFairMot\detection.cpp(362,11): warning C4244: “初始化”: 从“double”转换到“float”，可能丢失数据
F:\Tensorrt\MCFairMot\MCFairMot\detection.cpp(363,32): warning C4244: “参数”: 从“float”转换到“_Tp”，可能丢失数据
          with
          [
              _Tp=int
          ]
F:\Tensorrt\MCFairMot\MCFairMot\detection.cpp(363,28): warning C4244: “参数”: 从“float”转换到“_Tp”，可能丢失数据
          with
          [
              _Tp=int
          ]
F:\Tensorrt\MCFairMot\MCFairMot\detection.cpp(363,58): warning C4244: “参数”: 从“float”转换到“_Tp”，可能丢失数据
          with
          [
              _Tp=int
          ]
F:\Tensorrt\MCFairMot\MCFairMot\detection.cpp(363,50): warning C4244: “参数”: 从“float”转换到“_Tp”，可能丢失数据
          with
          [
              _Tp=int
          ]
F:\Tensorrt\MCFairMot\MCFairMot\detection.cpp(461,57): warning C4244: “参数”: 从“int”转换到“float”，可能丢失数据
F:\Tensorrt\MCFairMot\MCFairMot\detection.cpp(461,54): warning C4244: “参数”: 从“int”转换到“float”，可能丢失数据
F:\Tensorrt\MCFairMot\MCFairMot\detection.cpp(467,52): warning C4244: “参数”: 从“_Tp”转换到“_Tp”，可能丢失数据
          with
          [
              _Tp=int
          ]
          and
          [
              _Tp=float
          ]
F:\Tensorrt\MCFairMot\MCFairMot\detection.cpp(467,41): warning C4244: “参数”: 从“_Tp”转换到“_Tp”，可能丢失数据
          with
          [
              _Tp=int
          ]
          and
          [
              _Tp=float
          ]
F:\Tensorrt\MCFairMot\MCFairMot\detection.cpp(467,34): warning C4244: “参数”: 从“_Tp”转换到“_Tp”，可能丢失数据
          with
          [
              _Tp=int
          ]
          and
          [
              _Tp=float
          ]
F:\Tensorrt\MCFairMot\MCFairMot\detection.cpp(467,27): warning C4244: “参数”: 从“_Tp”转换到“_Tp”，可能丢失数据
          with
          [
              _Tp=int
          ]
          and
          [
              _Tp=float
          ]
D:\Install\VS2019\VC\Tools\MSVC\14.29.30133\include\utility(193,54): warning C4244: “初始化”: 从“_Ty”转换到“_Ty2”，可能丢失数据
          with
          [
              _Ty=double
          ]
          and
          [
              _Ty2=float
          ]
F:\Tensorrt\MCFairMot\MCFairMot\config.h(18): message : 查看对正在编译的函数 模板 实例化“std::pair<const int,float>::pair<int,double,0>(_Other1 &&,_Other2 &&) noexcept”的引用
          with
          [
              _Other1=int,
              _Other2=double
          ]
F:\Tensorrt\MCFairMot\MCFairMot\config.h(9): message : 查看对正在编译的函数 模板 实例化“std::pair<const int,float>::pair<int,double,0>(_Other1 &&,_Other2 &&) noexcept”的引用
          with
          [
              _Other1=int,
              _Other2=double
          ]
F:\Tensorrt\MCFairMot\MCFairMot\utils.h(181,1): warning C4267: “初始化”: 从“size_t”转换到“int”，可能丢失数据
F:\Tensorrt\MCFairMot\MCFairMot\detection.cpp(11): message : 查看对正在编译的函数 模板 实例化“void clear_2d_vector<std::vector<std::vector<DetectionBox,std::allocator<DetectionBox>>,std::allocator<std::vector<DetectionBox,std::allocator<DetectionBox>>>>>(T &)”的引用
          with
          [
              T=std::vector<std::vector<DetectionBox,std::allocator<DetectionBox>>,std::allocator<std::vector<DetectionBox,std::allocator<DetectionBox>>>>
          ]
  FairMOT.cpp
F:\Tensorrt\MCFairMot\TensorRT-7.2.3.4\include\NvInfer.h(1784,1): warning C4819: 该文件包含不能在当前代码页(936)中表示的字符。请将该文件保存为 Unicode 格式以防止数据丢失
F:\Tensorrt\MCFairMot\TensorRT-7.2.3.4\include\NvInfer.h(4337,1): warning C4819: 该文件包含不能在当前代码页(936)中表示的字符。请将该文件保存为 Unicode 格式以防止数据丢失
F:\Tensorrt\MCFairMot\cuda10.2\include\cuda_runtime_api.h(9349,1): warning C4819: 该文件包含不能在当前代码页(936)中表示的字符。请将该文件保存为 Unicode 格式以防止数据丢失
F:\Tensorrt\MCFairMot\cuda10.2\include\cuda_runtime_api.h(9349,1): warning C4819: 该文件包含不能在当前代码页(936)中表示的字符。请将该文件保存为 Unicode 格式以防止数据丢失
F:\Tensorrt\MCFairMot\cuda10.2\include\cuda_runtime_api.h(9349,1): warning C4819: 该文件包含不能在当前代码页(936)中表示的字符。请将该文件保存为 Unicode 格式以防止数据丢失
F:\Tensorrt\MCFairMot\cuda10.2\include\cuda_runtime_api.h(9349,1): warning C4819: 该文件包含不能在当前代码页(936)中表示的字符。请将该文件保存为 Unicode 格式以防止数据丢失
F:\Tensorrt\MCFairMot\MCFairMot\FairMOT.cpp(18,24): warning C4305: “初始化”: 从“double”到“float”截断
F:\Tensorrt\MCFairMot\MCFairMot\FairMOT.cpp(24,50): warning C4244: “参数”: 从“_Tp”转换到“_Tp”，可能丢失数据
          with
          [
              _Tp=float
          ]
          and
          [
              _Tp=int
          ]
F:\Tensorrt\MCFairMot\MCFairMot\FairMOT.cpp(24,43): warning C4244: “参数”: 从“_Tp”转换到“_Tp”，可能丢失数据
          with
          [
              _Tp=float
          ]
          and
          [
              _Tp=int
          ]
F:\Tensorrt\MCFairMot\MCFairMot\FairMOT.cpp(49,1): warning C4326: “main”的返回类型应为“int”而非“void”
F:\Tensorrt\MCFairMot\MCFairMot\FairMOT.cpp(97,23): warning C4244: “初始化”: 从“double”转换到“float”，可能丢失数据
D:\Install\VS2019\VC\Tools\MSVC\14.29.30133\include\utility(193,54): warning C4244: “初始化”: 从“_Ty”转换到“_Ty2”，可能丢失数据
          with
          [
              _Ty=double
          ]
          and
          [
              _Ty2=float
          ]
F:\Tensorrt\MCFairMot\MCFairMot\config.h(18): message : 查看对正在编译的函数 模板 实例化“std::pair<const int,float>::pair<int,double,0>(_Other1 &&,_Other2 &&) noexcept”的引用
          with
          [
              _Other1=int,
              _Other2=double
          ]
F:\Tensorrt\MCFairMot\MCFairMot\config.h(9): message : 查看对正在编译的函数 模板 实例化“std::pair<const int,float>::pair<int,double,0>(_Other1 &&,_Other2 &&) noexcept”的引用
          with
          [
              _Other1=int,
              _Other2=double
          ]
  Hungarian.cpp
F:\Tensorrt\MCFairMot\MCFairMot\Hungarian.cpp(25,40): warning C4267: “初始化”: 从“size_t”转换到“unsigned int”，可能丢失数据
F:\Tensorrt\MCFairMot\MCFairMot\Hungarian.cpp(26,43): warning C4267: “初始化”: 从“size_t”转换到“unsigned int”，可能丢失数据
  kalmanfilter.cpp
F:\Tensorrt\MCFairMot\MCFairMot\kalmanfilter.cpp(23,34): warning C4244: “=”: 从“const double”转换到“float”，可能丢失数据
F:\Tensorrt\MCFairMot\MCFairMot\kalmanfilter.cpp(27,41): warning C4305: “=”: 从“double”到“float”截断
F:\Tensorrt\MCFairMot\MCFairMot\kalmanfilter.cpp(28,42): warning C4305: “=”: 从“double”到“float”截断
F:\Tensorrt\MCFairMot\MCFairMot\kalmanfilter.cpp(46,18): warning C4305: “=”: 从“double”到“float”截断
F:\Tensorrt\MCFairMot\MCFairMot\kalmanfilter.cpp(50,18): warning C4305: “=”: 从“double”到“float”截断
F:\Tensorrt\MCFairMot\MCFairMot\kalmanfilter.cpp(64,17): warning C4305: “参数”: 从“double”到“const float”截断
F:\Tensorrt\MCFairMot\MCFairMot\kalmanfilter.cpp(69,17): warning C4305: “参数”: 从“double”到“const float”截断
F:\Tensorrt\MCFairMot\MCFairMot\kalmanfilter.cpp(88,17): warning C4305: “参数”: 从“double”到“const float”截断
  matching.cpp
F:\Tensorrt\MCFairMot\TensorRT-7.2.3.4\include\NvInfer.h(1784,1): warning C4819: 该文件包含不能在当前代码页(936)中表示的字符。请将该文件保存为 Unicode 格式以防止数据丢失
F:\Tensorrt\MCFairMot\TensorRT-7.2.3.4\include\NvInfer.h(4337,1): warning C4819: 该文件包含不能在当前代码页(936)中表示的字符。请将该文件保存为 Unicode 格式以防止数据丢失
F:\Tensorrt\MCFairMot\cuda10.2\include\cuda_runtime_api.h(9349,1): warning C4819: 该文件包含不能在当前代码页(936)中表示的字符。请将该文件保存为 Unicode 格式以防止数据丢失
F:\Tensorrt\MCFairMot\cuda10.2\include\cuda_runtime_api.h(9349,1): warning C4819: 该文件包含不能在当前代码页(936)中表示的字符。请将该文件保存为 Unicode 格式以防止数据丢失
F:\Tensorrt\MCFairMot\cuda10.2\include\cuda_runtime_api.h(9349,1): warning C4819: 该文件包含不能在当前代码页(936)中表示的字符。请将该文件保存为 Unicode 格式以防止数据丢失
F:\Tensorrt\MCFairMot\cuda10.2\include\cuda_runtime_api.h(9349,1): warning C4819: 该文件包含不能在当前代码页(936)中表示的字符。请将该文件保存为 Unicode 格式以防止数据丢失
F:\Tensorrt\MCFairMot\MCFairMot\matching.cpp(41,16): warning C4244: “初始化”: 从“double”转换到“float”，可能丢失数据
F:\Tensorrt\MCFairMot\MCFairMot\matching.cpp(67,24): warning C4267: “=”: 从“size_t”转换到“unsigned int”，可能丢失数据
F:\Tensorrt\MCFairMot\MCFairMot\matching.cpp(68,48): warning C4267: “=”: 从“size_t”转换到“unsigned int”，可能丢失数据
F:\Tensorrt\MCFairMot\MCFairMot\matching.cpp(117,31): warning C4244: “参数”: 从“_Ty”转换到“_Ty”，可能丢失数据
          with
          [
              _Ty=double
          ]
          and
          [
              _Ty=float
          ]
D:\Install\VS2019\VC\Tools\MSVC\14.29.30133\include\utility(193,54): warning C4244: “初始化”: 从“_Ty”转换到“_Ty2”，可能丢失数据
          with
          [
              _Ty=double
          ]
          and
          [
              _Ty2=float
          ]
F:\Tensorrt\MCFairMot\MCFairMot\config.h(18): message : 查看对正在编译的函数 模板 实例化“std::pair<const int,float>::pair<int,double,0>(_Other1 &&,_Other2 &&) noexcept”的引用
          with
          [
              _Other1=int,
              _Other2=double
          ]
F:\Tensorrt\MCFairMot\MCFairMot\config.h(9): message : 查看对正在编译的函数 模板 实例化“std::pair<const int,float>::pair<int,double,0>(_Other1 &&,_Other2 &&) noexcept”的引用
          with
          [
              _Other1=int,
              _Other2=double
          ]
  tracker.cpp
F:\Tensorrt\MCFairMot\TensorRT-7.2.3.4\include\NvInfer.h(1784,1): warning C4819: 该文件包含不能在当前代码页(936)中表示的字符。请将该文件保存为 Unicode 格式以防止数据丢失
F:\Tensorrt\MCFairMot\TensorRT-7.2.3.4\include\NvInfer.h(4337,1): warning C4819: 该文件包含不能在当前代码页(936)中表示的字符。请将该文件保存为 Unicode 格式以防止数据丢失
F:\Tensorrt\MCFairMot\cuda10.2\include\cuda_runtime_api.h(9349,1): warning C4819: 该文件包含不能在当前代码页(936)中表示的字符。请将该文件保存为 Unicode 格式以防止数据丢失
F:\Tensorrt\MCFairMot\cuda10.2\include\cuda_runtime_api.h(9349,1): warning C4819: 该文件包含不能在当前代码页(936)中表示的字符。请将该文件保存为 Unicode 格式以防止数据丢失
F:\Tensorrt\MCFairMot\cuda10.2\include\cuda_runtime_api.h(9349,1): warning C4819: 该文件包含不能在当前代码页(936)中表示的字符。请将该文件保存为 Unicode 格式以防止数据丢失
F:\Tensorrt\MCFairMot\cuda10.2\include\cuda_runtime_api.h(9349,1): warning C4819: 该文件包含不能在当前代码页(936)中表示的字符。请将该文件保存为 Unicode 格式以防止数据丢失
F:\Tensorrt\MCFairMot\MCFairMot\tracker.cpp(204,92): warning C4267: “参数”: 从“size_t”转换到“int”，可能丢失数据
F:\Tensorrt\MCFairMot\MCFairMot\tracker.cpp(239,99): warning C4267: “参数”: 从“size_t”转换到“int”，可能丢失数据
F:\Tensorrt\MCFairMot\MCFairMot\tracker.cpp(274,101): warning C4267: “参数”: 从“size_t”转换到“int”，可能丢失数据
D:\Install\VS2019\VC\Tools\MSVC\14.29.30133\include\utility(193,54): warning C4244: “初始化”: 从“_Ty”转换到“_Ty2”，可能丢失数据
          with
          [
              _Ty=double
          ]
          and
          [
              _Ty2=float
          ]
F:\Tensorrt\MCFairMot\MCFairMot\config.h(18): message : 查看对正在编译的函数 模板 实例化“std::pair<const int,float>::pair<int,double,0>(_Other1 &&,_Other2 &&) noexcept”的引用
          with
          [
              _Other1=int,
              _Other2=double
          ]
F:\Tensorrt\MCFairMot\MCFairMot\config.h(9): message : 查看对正在编译的函数 模板 实例化“std::pair<const int,float>::pair<int,double,0>(_Other1 &&,_Other2 &&) noexcept”的引用
          with
          [
              _Other1=int,
              _Other2=double
          ]
  utils.cpp
F:\Tensorrt\MCFairMot\MCFairMot\utils.cpp(39,15): warning C4477: “sprintf”: 格式字符串“%03d”需要类型“int”的参数，但可变参数 7 拥有了类型“std::chrono::duration<__int64,std::milli>”
D:\Install\VS2019\VC\Tools\MSVC\14.29.30133\include\utility(193,54): warning C4244: “初始化”: 从“_Ty”转换到“_Ty2”，可能丢失数据
          with
          [
              _Ty=double
          ]
          and
          [
              _Ty2=float
          ]
F:\Tensorrt\MCFairMot\MCFairMot\config.h(18): message : 查看对正在编译的函数 模板 实例化“std::pair<const int,float>::pair<int,double,0>(_Other1 &&,_Other2 &&) noexcept”的引用
          with
          [
              _Other1=int,
              _Other2=double
          ]
F:\Tensorrt\MCFairMot\MCFairMot\config.h(9): message : 查看对正在编译的函数 模板 实例化“std::pair<const int,float>::pair<int,double,0>(_Other1 &&,_Other2 &&) noexcept”的引用
          with
          [
              _Other1=int,
              _Other2=double
          ]
  正在生成代码
  Previous IPDB not found, fall back to full compilation.
  All 6658 functions were compiled because no usable IPDB/IOBJ from previous compilation was found.
  已完成代码的生成
  MCFairMot.vcxproj -> F:\Tensorrt\MCFairMot\bin\MCFairMot.exe
